<?xml version="1.0" encoding="UTF-8"?>
<testsuite name="com.facu.restfake.RestfakeApplicationTests" tests="1" skipped="0" failures="0" errors="0" timestamp="2023-10-04T13:48:38" hostname="VALENTIN" time="9.924">
  <properties/>
  <testcase name="contextLoads()" classname="com.facu.restfake.RestfakeApplicationTests" time="9.924"/>
  <system-out><![CDATA[10:48:31.583 [Test worker] INFO org.springframework.test.context.support.AnnotationConfigContextLoaderUtils -- Could not detect default configuration classes for test class [com.facu.restfake.RestfakeApplicationTests]: RestfakeApplicationTests does not declare any static, non-private, non-final, nested classes annotated with @Configuration.
10:48:31.801 [Test worker] INFO org.springframework.boot.test.context.SpringBootTestContextBootstrapper -- Found @SpringBootConfiguration com.facu.restfake.RestfakeApplication for test class com.facu.restfake.RestfakeApplicationTests

  .   ____          _            __ _ _
 /\\ / ___'_ __ _ _(_)_ __  __ _ \ \ \ \
( ( )\___ | '_ | '_| | '_ \/ _` | \ \ \ \
 \\/  ___)| |_)| | | | | || (_| |  ) ) ) )
  '  |____| .__|_| |_|_| |_\__, | / / / /
 =========|_|==============|___/=/_/_/_/
 :: Spring Boot ::                (v3.1.3)

2023-10-04T10:48:32.585-03:00  INFO 6912 --- [    Test worker] c.f.restfake.RestfakeApplicationTests    : Starting RestfakeApplicationTests using Java 17.0.8 with PID 6912 (started by valen1234 in C:\Users\usuario\Desktop\facuTrabajo\apirestttt)
2023-10-04T10:48:32.587-03:00  INFO 6912 --- [    Test worker] c.f.restfake.RestfakeApplicationTests    : No active profile set, falling back to 1 default profile: "default"
2023-10-04T10:48:34.098-03:00  INFO 6912 --- [    Test worker] .s.d.r.c.RepositoryConfigurationDelegate : Bootstrapping Spring Data JPA repositories in DEFAULT mode.
2023-10-04T10:48:34.139-03:00  INFO 6912 --- [    Test worker] .s.d.r.c.RepositoryConfigurationDelegate : Finished Spring Data repository scanning in 23 ms. Found 0 JPA repository interfaces.
2023-10-04T10:48:35.006-03:00  INFO 6912 --- [    Test worker] o.hibernate.jpa.internal.util.LogHelper  : HHH000204: Processing PersistenceUnitInfo [name: default]
2023-10-04T10:48:35.166-03:00  INFO 6912 --- [    Test worker] org.hibernate.Version                    : HHH000412: Hibernate ORM core version 6.2.7.Final
2023-10-04T10:48:35.172-03:00  INFO 6912 --- [    Test worker] org.hibernate.cfg.Environment            : HHH000406: Using bytecode reflection optimizer
2023-10-04T10:48:35.498-03:00  INFO 6912 --- [    Test worker] o.h.b.i.BytecodeProviderInitiator        : HHH000021: Bytecode provider name : bytebuddy
2023-10-04T10:48:35.814-03:00  INFO 6912 --- [    Test worker] o.s.o.j.p.SpringPersistenceUnitInfo      : No LoadTimeWeaver setup: ignoring JPA class transformer
2023-10-04T10:48:35.853-03:00  INFO 6912 --- [    Test worker] com.zaxxer.hikari.HikariDataSource       : HikariPool-1 - Starting...
2023-10-04T10:48:36.337-03:00  INFO 6912 --- [    Test worker] com.zaxxer.hikari.pool.HikariPool        : HikariPool-1 - Added connection conn0: url=jdbc:h2:mem:./valendb user=SA
2023-10-04T10:48:36.340-03:00  INFO 6912 --- [    Test worker] com.zaxxer.hikari.HikariDataSource       : HikariPool-1 - Start completed.
2023-10-04T10:48:36.563-03:00  INFO 6912 --- [    Test worker] o.h.b.i.BytecodeProviderInitiator        : HHH000021: Bytecode provider name : bytebuddy
2023-10-04T10:48:36.987-03:00  INFO 6912 --- [    Test worker] o.h.e.t.j.p.i.JtaPlatformInitiator       : HHH000490: Using JtaPlatform implementation: [org.hibernate.engine.transaction.jta.platform.internal.NoJtaPlatform]
2023-10-04T10:48:36.999-03:00  INFO 6912 --- [    Test worker] j.LocalContainerEntityManagerFactoryBean : Initialized JPA EntityManagerFactory for persistence unit 'default'
2023-10-04T10:48:37.562-03:00  WARN 6912 --- [    Test worker] JpaBaseConfiguration$JpaWebConfiguration : spring.jpa.open-in-view is enabled by default. Therefore, database queries may be performed during view rendering. Explicitly configure spring.jpa.open-in-view to disable this warning
2023-10-04T10:48:38.599-03:00  INFO 6912 --- [    Test worker] o.s.b.a.h2.H2ConsoleAutoConfiguration    : H2 console available at '/h2-console'. Database available at 'jdbc:h2:mem:./valendb'
2023-10-04T10:48:38.748-03:00  INFO 6912 --- [    Test worker] c.f.restfake.RestfakeApplicationTests    : Started RestfakeApplicationTests in 6.629 seconds (process running for 9.364)
]]></system-out>
  <system-err><![CDATA[]]></system-err>
</testsuite>
